{"numFailedTestSuites":1,"numFailedTests":0,"numPassedTestSuites":1,"numPassedTests":1,"numPendingTestSuites":0,"numPendingTests":0,"numRuntimeErrorTestSuites":1,"numTodoTests":0,"numTotalTestSuites":2,"numTotalTests":1,"openHandles":[],"snapshot":{"added":0,"didUpdate":false,"failure":false,"filesAdded":0,"filesRemoved":0,"filesRemovedList":[],"filesUnmatched":0,"filesUpdated":0,"matched":0,"total":0,"unchecked":0,"uncheckedKeysByFile":[],"unmatched":0,"updated":0},"startTime":1604679123133,"success":false,"testResults":[{"assertionResults":[],"coverage":{},"endTime":1604679158241,"message":"  \u001b[1m● \u001b[22mTest suite failed to run\n\n    Cannot find module 'enzyme' from 'DayjsCalendar.test.js'\n\n    \u001b[0m \u001b[90m 1 | \u001b[39m\u001b[36mimport\u001b[39m \u001b[33mReact\u001b[39m from \u001b[32m\"react\"\u001b[39m\u001b[33m;\u001b[39m\u001b[0m\n    \u001b[0m\u001b[31m\u001b[1m>\u001b[22m\u001b[39m\u001b[90m 2 | \u001b[39m\u001b[36mimport\u001b[39m { shallow } from \u001b[32m\"enzyme\"\u001b[39m\u001b[33m;\u001b[39m\u001b[0m\n    \u001b[0m \u001b[90m   | \u001b[39m\u001b[31m\u001b[1m^\u001b[22m\u001b[39m\u001b[0m\n    \u001b[0m \u001b[90m 3 | \u001b[39m\u001b[36mimport\u001b[39m {\u001b[0m\n    \u001b[0m \u001b[90m 4 | \u001b[39m  getFormattedDateString\u001b[33m,\u001b[39m\u001b[0m\n    \u001b[0m \u001b[90m 5 | \u001b[39m  getDaysInMonths\u001b[33m,\u001b[39m\u001b[0m\n\n      \u001b[2mat Resolver.resolveModule (\u001b[22m../node_modules/jest-resolve/build/index.js\u001b[2m:299:11)\u001b[22m\n      \u001b[2mat Object.<anonymous> (\u001b[22m\u001b[0m\u001b[36mtest/DayjsCalendar/DayjsCalendar.test.js\u001b[39m\u001b[0m\u001b[2m:2:1)\u001b[22m\n","name":"/sandbox/src/test/DayjsCalendar/DayjsCalendar.test.js","startTime":1604679158241,"status":"failed","summary":""},{"assertionResults":[{"ancestorTitles":["<LoginForm />"],"failureMessages":[],"fullName":"<LoginForm /> should not submit blank form","location":null,"status":"passed","title":"should not submit blank form"}],"endTime":1604679158225,"message":"","name":"/sandbox/src/LoginForm.test.js","startTime":1604679134634,"status":"passed","summary":""}],"wasInterrupted":false}