{"numFailedTestSuites":1,"numFailedTests":1,"numPassedTestSuites":0,"numPassedTests":0,"numPendingTestSuites":0,"numPendingTests":0,"numRuntimeErrorTestSuites":0,"numTodoTests":0,"numTotalTestSuites":1,"numTotalTests":1,"openHandles":[],"snapshot":{"added":0,"didUpdate":false,"failure":false,"filesAdded":0,"filesRemoved":0,"filesRemovedList":[],"filesUnmatched":0,"filesUpdated":0,"matched":0,"total":0,"unchecked":0,"uncheckedKeysByFile":[],"unmatched":0,"updated":0},"startTime":1604913901661,"success":false,"testResults":[{"assertionResults":[{"ancestorTitles":["Calendar"],"failureMessages":["TypeError: Cannot read property 'format' of undefined\n    at getFormattedDateString (/sandbox/src/DayjsCalendar/utils.js:9:15)\n    at Object.<anonymous> (/sandbox/src/TestCases/DayjsCalendar.test.js:5:12)\n    at Object.asyncJestTest (/sandbox/node_modules/jest-jasmine2/build/jasmineAsyncInstall.js:100:37)\n    at resolve (/sandbox/node_modules/jest-jasmine2/build/queueRunner.js:45:12)\n    at new Promise (<anonymous>)\n    at mapper (/sandbox/node_modules/jest-jasmine2/build/queueRunner.js:28:19)\n    at promise.then (/sandbox/node_modules/jest-jasmine2/build/queueRunner.js:75:41)\n    at process._tickCallback (internal/process/next_tick.js:68:7)"],"fullName":"Calendar getFormattedDateString","location":null,"status":"failed","title":"getFormattedDateString"}],"endTime":1604913925892,"message":"\u001b[1m\u001b[31m  \u001b[1m● \u001b[22m\u001b[1mCalendar › getFormattedDateString\u001b[39m\u001b[22m\n\n    TypeError: Cannot read property 'format' of undefined\n\u001b[2m\u001b[22m\n\u001b[2m    \u001b[0m \u001b[90m  7 | \u001b[39m\u001b[0m\u001b[22m\n\u001b[2m    \u001b[0m \u001b[90m  8 | \u001b[39m\u001b[36mexport\u001b[39m \u001b[36mconst\u001b[39m getFormattedDateString \u001b[33m=\u001b[39m (date) \u001b[33m=>\u001b[39m {\u001b[0m\u001b[22m\n\u001b[2m    \u001b[0m\u001b[31m\u001b[1m>\u001b[22m\u001b[2m\u001b[39m\u001b[90m  9 | \u001b[39m  \u001b[36mreturn\u001b[39m date\u001b[33m.\u001b[39mformat(\u001b[32m\"DD dd MM MMMM YYYY\"\u001b[39m)\u001b[33m;\u001b[39m\u001b[0m\u001b[22m\n\u001b[2m    \u001b[0m \u001b[90m    | \u001b[39m              \u001b[31m\u001b[1m^\u001b[22m\u001b[2m\u001b[39m\u001b[0m\u001b[22m\n\u001b[2m    \u001b[0m \u001b[90m 10 | \u001b[39m}\u001b[33m;\u001b[39m\u001b[0m\u001b[22m\n\u001b[2m    \u001b[0m \u001b[90m 11 | \u001b[39m\u001b[0m\u001b[22m\n\u001b[2m    \u001b[0m \u001b[90m 12 | \u001b[39m\u001b[36mconst\u001b[39m fs \u001b[33m=\u001b[39m getFormattedDateString\u001b[33m;\u001b[39m\u001b[0m\u001b[22m\n\u001b[2m\u001b[22m\n\u001b[2m      \u001b[2mat getFormattedDateString (\u001b[22m\u001b[2mDayjsCalendar/utils.js\u001b[2m:9:15)\u001b[22m\u001b[2m\u001b[22m\n\u001b[2m      \u001b[2mat Object.<anonymous> (\u001b[22m\u001b[2m\u001b[0m\u001b[36mTestCases/DayjsCalendar.test.js\u001b[39m\u001b[0m\u001b[2m:5:12)\u001b[22m\u001b[2m\u001b[22m\n","name":"/sandbox/src/TestCases/DayjsCalendar.test.js","startTime":1604913906355,"status":"failed","summary":""}],"wasInterrupted":false}