{"numFailedTestSuites":0,"numFailedTests":0,"numPassedTestSuites":1,"numPassedTests":1,"numPendingTestSuites":0,"numPendingTests":0,"numRuntimeErrorTestSuites":0,"numTodoTests":0,"numTotalTestSuites":1,"numTotalTests":1,"openHandles":[],"snapshot":{"added":0,"didUpdate":false,"failure":false,"filesAdded":0,"filesRemoved":0,"filesRemovedList":[],"filesUnmatched":0,"filesUpdated":0,"matched":0,"total":0,"unchecked":0,"uncheckedKeysByFile":[],"unmatched":0,"updated":0},"startTime":1604760525837,"success":true,"testResults":[{"assertionResults":[{"ancestorTitles":["<LoginForm />"],"failureMessages":[],"fullName":"<LoginForm /> should not submit blank form","location":null,"status":"passed","title":"should not submit blank form"}],"endTime":1604760537682,"message":"","name":"/sandbox/src/LoginForm.test.js","startTime":1604760529918,"status":"passed","summary":""}],"wasInterrupted":false}